<?xml version="1.0" encoding="UTF-8"?>
<!-- Generated by org.testng.reporters.JUnitReportReporter -->
<testsuite hostname="MZD-RThaB259.local" name="com.rangaraj.sample.inttest.UserResourceIT" tests="1" failures="0" timestamp="24 Apr 2016 05:08:25 GMT" time="0.646" errors="0">
  <testcase name="testAddUser" time="0.646" classname="com.rangaraj.sample.inttest.UserResourceIT"/>
</testsuite> <!-- com.rangaraj.sample.inttest.UserResourceIT -->
